<?xml version="1.0" encoding="UTF-8"?>
<!-- Generated by org.testng.reporters.JUnitReportReporter -->
<testsuite hostname="DESKTOP-SPS13DM" failures="0" tests="1" name="SA.Testing.testng" time="0.038" errors="0" timestamp="2023-12-17T17:44:34 PKT" skipped="0">
  <testcase classname="SA.Testing.testng" name="testng" time="0.038"/>
  <system-out/>
</testsuite> <!-- SA.Testing.testng -->
